<?xml version="1.0" encoding="UTF-8"?>
<robot generator="Robot 6.1.1 (Python 3.10.12 on linux)" generated="20231116 14:38:37.288" rpa="false" schemaversion="4">
<suite id="s1" name="Tests" source="/home/kaariroo/palautusrepo-ohtu/viikko3/web-login/src/tests">
<suite id="s1-s1" name="Home" source="/home/kaariroo/palautusrepo-ohtu/viikko3/web-login/src/tests/home.robot">
<kw name="Open And Configure Browser" library="resource" type="SETUP">
<kw name="Evaluate" library="BuiltIn">
<var>${options}</var>
<arg>sys.modules['selenium.webdriver'].ChromeOptions()</arg>
<arg>sys</arg>
<doc>Evaluates the given expression in Python and returns the result.</doc>
<msg timestamp="20231116 14:38:37.391" level="INFO">${options} = &lt;selenium.webdriver.chrome.options.Options object at 0x7f4faa621bd0&gt;</msg>
<status status="PASS" starttime="20231116 14:38:37.391" endtime="20231116 14:38:37.391"/>
</kw>
<kw name="Call Method" library="BuiltIn">
<arg>${options}</arg>
<arg>add_argument</arg>
<arg>--headless</arg>
<doc>Calls the named method of the given object with the provided arguments.</doc>
<status status="PASS" starttime="20231116 14:38:37.391" endtime="20231116 14:38:37.391"/>
</kw>
<kw name="Open Browser" library="SeleniumLibrary">
<arg>browser=chrome</arg>
<arg>options=${options}</arg>
<doc>Opens a new browser instance to the optional ``url``.</doc>
<msg timestamp="20231116 14:38:37.392" level="INFO">Opening browser 'chrome' to base url 'None'.</msg>
<status status="PASS" starttime="20231116 14:38:37.391" endtime="20231116 14:38:38.064"/>
</kw>
<kw name="Set Selenium Speed" library="SeleniumLibrary">
<arg>${DELAY}</arg>
<doc>Sets the delay that is waited after each Selenium command.</doc>
<status status="PASS" starttime="20231116 14:38:38.064" endtime="20231116 14:38:38.065"/>
</kw>
<status status="PASS" starttime="20231116 14:38:37.390" endtime="20231116 14:38:38.065"/>
</kw>
<test id="s1-s1-t1" name="Click Login Link" line="8">
<kw name="Go To Starting Page" library="resource" type="SETUP">
<kw name="Go To" library="SeleniumLibrary">
<arg>${HOME_URL}</arg>
<doc>Navigates the current browser window to the provided ``url``.</doc>
<msg timestamp="20231116 14:38:38.065" level="INFO">Opening url 'http://localhost:5001'</msg>
<status status="PASS" starttime="20231116 14:38:38.065" endtime="20231116 14:38:38.090"/>
</kw>
<status status="PASS" starttime="20231116 14:38:38.065" endtime="20231116 14:38:38.090"/>
</kw>
<kw name="Click Link" library="SeleniumLibrary">
<arg>Login</arg>
<doc>Clicks a link identified by ``locator``.</doc>
<msg timestamp="20231116 14:38:38.090" level="INFO">Clicking link 'Login'.</msg>
<status status="PASS" starttime="20231116 14:38:38.090" endtime="20231116 14:38:38.129"/>
</kw>
<kw name="Login Page Should Be Open" library="resource">
<kw name="Title Should Be" library="SeleniumLibrary">
<arg>Login</arg>
<doc>Verifies that the current page title equals ``title``.</doc>
<msg timestamp="20231116 14:38:38.133" level="INFO">Page title is 'Login'.</msg>
<status status="PASS" starttime="20231116 14:38:38.130" endtime="20231116 14:38:38.133"/>
</kw>
<status status="PASS" starttime="20231116 14:38:38.130" endtime="20231116 14:38:38.133"/>
</kw>
<status status="PASS" starttime="20231116 14:38:38.065" endtime="20231116 14:38:38.133"/>
</test>
<test id="s1-s1-t2" name="Click Register Link" line="12">
<kw name="Go To Starting Page" library="resource" type="SETUP">
<kw name="Go To" library="SeleniumLibrary">
<arg>${HOME_URL}</arg>
<doc>Navigates the current browser window to the provided ``url``.</doc>
<msg timestamp="20231116 14:38:38.134" level="INFO">Opening url 'http://localhost:5001'</msg>
<status status="PASS" starttime="20231116 14:38:38.134" endtime="20231116 14:38:38.141"/>
</kw>
<status status="PASS" starttime="20231116 14:38:38.133" endtime="20231116 14:38:38.141"/>
</kw>
<kw name="Click Link" library="SeleniumLibrary">
<arg>Register new user</arg>
<doc>Clicks a link identified by ``locator``.</doc>
<msg timestamp="20231116 14:38:38.141" level="INFO">Clicking link 'Register new user'.</msg>
<status status="PASS" starttime="20231116 14:38:38.141" endtime="20231116 14:38:38.172"/>
</kw>
<kw name="Register Page Should Be Open" library="resource">
<kw name="Title Should Be" library="SeleniumLibrary">
<arg>Register</arg>
<doc>Verifies that the current page title equals ``title``.</doc>
<msg timestamp="20231116 14:38:38.174" level="INFO">Page title is 'Register'.</msg>
<status status="PASS" starttime="20231116 14:38:38.172" endtime="20231116 14:38:38.174"/>
</kw>
<status status="PASS" starttime="20231116 14:38:38.172" endtime="20231116 14:38:38.174"/>
</kw>
<status status="PASS" starttime="20231116 14:38:38.133" endtime="20231116 14:38:38.174"/>
</test>
<test id="s1-s1-t3" name="Go To Starting Page" line="16">
<kw name="Go To Starting Page" library="resource" type="SETUP">
<kw name="Go To" library="SeleniumLibrary">
<arg>${HOME_URL}</arg>
<doc>Navigates the current browser window to the provided ``url``.</doc>
<msg timestamp="20231116 14:38:38.175" level="INFO">Opening url 'http://localhost:5001'</msg>
<status status="PASS" starttime="20231116 14:38:38.175" endtime="20231116 14:38:38.182"/>
</kw>
<status status="PASS" starttime="20231116 14:38:38.175" endtime="20231116 14:38:38.182"/>
</kw>
<kw name="Starting Page Should Be Open" library="resource">
<kw name="Title Should Be" library="SeleniumLibrary">
<arg>Ohtu Application</arg>
<doc>Verifies that the current page title equals ``title``.</doc>
<msg timestamp="20231116 14:38:38.185" level="INFO">Page title is 'Ohtu Application'.</msg>
<status status="PASS" starttime="20231116 14:38:38.183" endtime="20231116 14:38:38.185"/>
</kw>
<status status="PASS" starttime="20231116 14:38:38.182" endtime="20231116 14:38:38.185"/>
</kw>
<status status="PASS" starttime="20231116 14:38:38.175" endtime="20231116 14:38:38.185"/>
</test>
<kw name="Close Browser" library="SeleniumLibrary" type="TEARDOWN">
<doc>Closes the current browser.</doc>
<status status="PASS" starttime="20231116 14:38:38.185" endtime="20231116 14:38:38.243"/>
</kw>
<status status="PASS" starttime="20231116 14:38:37.299" endtime="20231116 14:38:38.243"/>
</suite>
<suite id="s1-s2" name="Login" source="/home/kaariroo/palautusrepo-ohtu/viikko3/web-login/src/tests/login.robot">
<kw name="Open And Configure Browser" library="resource" type="SETUP">
<kw name="Evaluate" library="BuiltIn">
<var>${options}</var>
<arg>sys.modules['selenium.webdriver'].ChromeOptions()</arg>
<arg>sys</arg>
<doc>Evaluates the given expression in Python and returns the result.</doc>
<msg timestamp="20231116 14:38:38.251" level="INFO">${options} = &lt;selenium.webdriver.chrome.options.Options object at 0x7f4faa6229e0&gt;</msg>
<status status="PASS" starttime="20231116 14:38:38.251" endtime="20231116 14:38:38.251"/>
</kw>
<kw name="Call Method" library="BuiltIn">
<arg>${options}</arg>
<arg>add_argument</arg>
<arg>--headless</arg>
<doc>Calls the named method of the given object with the provided arguments.</doc>
<status status="PASS" starttime="20231116 14:38:38.252" endtime="20231116 14:38:38.252"/>
</kw>
<kw name="Open Browser" library="SeleniumLibrary">
<arg>browser=chrome</arg>
<arg>options=${options}</arg>
<doc>Opens a new browser instance to the optional ``url``.</doc>
<msg timestamp="20231116 14:38:38.253" level="INFO">Opening browser 'chrome' to base url 'None'.</msg>
<status status="PASS" starttime="20231116 14:38:38.252" endtime="20231116 14:38:38.946"/>
</kw>
<kw name="Set Selenium Speed" library="SeleniumLibrary">
<arg>${DELAY}</arg>
<doc>Sets the delay that is waited after each Selenium command.</doc>
<status status="PASS" starttime="20231116 14:38:38.946" endtime="20231116 14:38:38.946"/>
</kw>
<status status="PASS" starttime="20231116 14:38:38.250" endtime="20231116 14:38:38.946"/>
</kw>
<test id="s1-s2-t1" name="Login With Correct Credentials" line="8">
<kw name="Create User And Go To Login Page" type="SETUP">
<kw name="Create User" library="AppLibrary">
<arg>kalle</arg>
<arg>kalle123</arg>
<status status="PASS" starttime="20231116 14:38:38.947" endtime="20231116 14:38:38.952"/>
</kw>
<kw name="Go To Login Page" library="resource">
<kw name="Go To" library="SeleniumLibrary">
<arg>${LOGIN_URL}</arg>
<doc>Navigates the current browser window to the provided ``url``.</doc>
<msg timestamp="20231116 14:38:38.953" level="INFO">Opening url 'http://localhost:5001/login'</msg>
<status status="PASS" starttime="20231116 14:38:38.952" endtime="20231116 14:38:38.980"/>
</kw>
<status status="PASS" starttime="20231116 14:38:38.952" endtime="20231116 14:38:38.980"/>
</kw>
<kw name="Login Page Should Be Open" library="resource">
<kw name="Title Should Be" library="SeleniumLibrary">
<arg>Login</arg>
<doc>Verifies that the current page title equals ``title``.</doc>
<msg timestamp="20231116 14:38:38.984" level="INFO">Page title is 'Login'.</msg>
<status status="PASS" starttime="20231116 14:38:38.981" endtime="20231116 14:38:38.984"/>
</kw>
<status status="PASS" starttime="20231116 14:38:38.980" endtime="20231116 14:38:38.984"/>
</kw>
<status status="PASS" starttime="20231116 14:38:38.947" endtime="20231116 14:38:38.984"/>
</kw>
<kw name="Set Username">
<arg>kalle</arg>
<kw name="Input Text" library="SeleniumLibrary">
<arg>username</arg>
<arg>${username}</arg>
<doc>Types the given ``text`` into the text field identified by ``locator``.</doc>
<msg timestamp="20231116 14:38:38.985" level="INFO">Typing text 'kalle' into text field 'username'.</msg>
<status status="PASS" starttime="20231116 14:38:38.984" endtime="20231116 14:38:39.037"/>
</kw>
<status status="PASS" starttime="20231116 14:38:38.984" endtime="20231116 14:38:39.037"/>
</kw>
<kw name="Set Password">
<arg>kalle123</arg>
<kw name="Input Password" library="SeleniumLibrary">
<arg>password</arg>
<arg>${password}</arg>
<doc>Types the given password into the text field identified by ``locator``.</doc>
<msg timestamp="20231116 14:38:39.038" level="INFO">Typing password into text field 'password'.</msg>
<msg timestamp="20231116 14:38:39.061" level="INFO">Temporally setting log level to: NONE</msg>
<msg timestamp="20231116 14:38:39.082" level="INFO">Log level changed from NONE to INFO.</msg>
<status status="PASS" starttime="20231116 14:38:39.037" endtime="20231116 14:38:39.082"/>
</kw>
<status status="PASS" starttime="20231116 14:38:39.037" endtime="20231116 14:38:39.082"/>
</kw>
<kw name="Submit Credentials">
<kw name="Click Button" library="SeleniumLibrary">
<arg>Login</arg>
<doc>Clicks the button identified by ``locator``.</doc>
<msg timestamp="20231116 14:38:39.083" level="INFO">Clicking button 'Login'.</msg>
<status status="PASS" starttime="20231116 14:38:39.082" endtime="20231116 14:38:39.121"/>
</kw>
<status status="PASS" starttime="20231116 14:38:39.082" endtime="20231116 14:38:39.121"/>
</kw>
<kw name="Login Should Succeed">
<kw name="Main Page Should Be Open" library="resource">
<kw name="Title Should Be" library="SeleniumLibrary">
<arg>Ohtu Application main page</arg>
<doc>Verifies that the current page title equals ``title``.</doc>
<msg timestamp="20231116 14:38:39.124" level="INFO">Page title is 'Ohtu Application main page'.</msg>
<status status="PASS" starttime="20231116 14:38:39.122" endtime="20231116 14:38:39.124"/>
</kw>
<status status="PASS" starttime="20231116 14:38:39.121" endtime="20231116 14:38:39.124"/>
</kw>
<status status="PASS" starttime="20231116 14:38:39.121" endtime="20231116 14:38:39.124"/>
</kw>
<status status="PASS" starttime="20231116 14:38:38.946" endtime="20231116 14:38:39.124"/>
</test>
<test id="s1-s2-t2" name="Login With Incorrect Password" line="14">
<kw name="Create User And Go To Login Page" type="SETUP">
<kw name="Create User" library="AppLibrary">
<arg>kalle</arg>
<arg>kalle123</arg>
<status status="PASS" starttime="20231116 14:38:39.124" endtime="20231116 14:38:39.130"/>
</kw>
<kw name="Go To Login Page" library="resource">
<kw name="Go To" library="SeleniumLibrary">
<arg>${LOGIN_URL}</arg>
<doc>Navigates the current browser window to the provided ``url``.</doc>
<msg timestamp="20231116 14:38:39.131" level="INFO">Opening url 'http://localhost:5001/login'</msg>
<status status="PASS" starttime="20231116 14:38:39.130" endtime="20231116 14:38:39.138"/>
</kw>
<status status="PASS" starttime="20231116 14:38:39.130" endtime="20231116 14:38:39.138"/>
</kw>
<kw name="Login Page Should Be Open" library="resource">
<kw name="Title Should Be" library="SeleniumLibrary">
<arg>Login</arg>
<doc>Verifies that the current page title equals ``title``.</doc>
<msg timestamp="20231116 14:38:39.140" level="INFO">Page title is 'Login'.</msg>
<status status="PASS" starttime="20231116 14:38:39.138" endtime="20231116 14:38:39.140"/>
</kw>
<status status="PASS" starttime="20231116 14:38:39.138" endtime="20231116 14:38:39.140"/>
</kw>
<status status="PASS" starttime="20231116 14:38:39.124" endtime="20231116 14:38:39.140"/>
</kw>
<kw name="Set Username">
<arg>kalle</arg>
<kw name="Input Text" library="SeleniumLibrary">
<arg>username</arg>
<arg>${username}</arg>
<doc>Types the given ``text`` into the text field identified by ``locator``.</doc>
<msg timestamp="20231116 14:38:39.141" level="INFO">Typing text 'kalle' into text field 'username'.</msg>
<status status="PASS" starttime="20231116 14:38:39.140" endtime="20231116 14:38:39.175"/>
</kw>
<status status="PASS" starttime="20231116 14:38:39.140" endtime="20231116 14:38:39.175"/>
</kw>
<kw name="Set Password">
<arg>kalle456</arg>
<kw name="Input Password" library="SeleniumLibrary">
<arg>password</arg>
<arg>${password}</arg>
<doc>Types the given password into the text field identified by ``locator``.</doc>
<msg timestamp="20231116 14:38:39.176" level="INFO">Typing password into text field 'password'.</msg>
<msg timestamp="20231116 14:38:39.192" level="INFO">Temporally setting log level to: NONE</msg>
<msg timestamp="20231116 14:38:39.211" level="INFO">Log level changed from NONE to INFO.</msg>
<status status="PASS" starttime="20231116 14:38:39.176" endtime="20231116 14:38:39.211"/>
</kw>
<status status="PASS" starttime="20231116 14:38:39.176" endtime="20231116 14:38:39.211"/>
</kw>
<kw name="Submit Credentials">
<kw name="Click Button" library="SeleniumLibrary">
<arg>Login</arg>
<doc>Clicks the button identified by ``locator``.</doc>
<msg timestamp="20231116 14:38:39.212" level="INFO">Clicking button 'Login'.</msg>
<status status="PASS" starttime="20231116 14:38:39.212" endtime="20231116 14:38:39.242"/>
</kw>
<status status="PASS" starttime="20231116 14:38:39.212" endtime="20231116 14:38:39.242"/>
</kw>
<kw name="Login Should Fail With Message">
<arg>Invalid username or password</arg>
<kw name="Login Page Should Be Open" library="resource">
<kw name="Title Should Be" library="SeleniumLibrary">
<arg>Login</arg>
<doc>Verifies that the current page title equals ``title``.</doc>
<msg timestamp="20231116 14:38:39.245" level="INFO">Page title is 'Login'.</msg>
<status status="PASS" starttime="20231116 14:38:39.242" endtime="20231116 14:38:39.245"/>
</kw>
<status status="PASS" starttime="20231116 14:38:39.242" endtime="20231116 14:38:39.245"/>
</kw>
<kw name="Page Should Contain" library="SeleniumLibrary">
<arg>${message}</arg>
<doc>Verifies that current page contains ``text``.</doc>
<msg timestamp="20231116 14:38:39.253" level="INFO">Current page contains text 'Invalid username or password'.</msg>
<status status="PASS" starttime="20231116 14:38:39.245" endtime="20231116 14:38:39.253"/>
</kw>
<status status="PASS" starttime="20231116 14:38:39.242" endtime="20231116 14:38:39.253"/>
</kw>
<status status="PASS" starttime="20231116 14:38:39.124" endtime="20231116 14:38:39.253"/>
</test>
<test id="s1-s2-t3" name="Login With Nonexistent Username" line="20">
<kw name="Create User And Go To Login Page" type="SETUP">
<kw name="Create User" library="AppLibrary">
<arg>kalle</arg>
<arg>kalle123</arg>
<status status="PASS" starttime="20231116 14:38:39.254" endtime="20231116 14:38:39.259"/>
</kw>
<kw name="Go To Login Page" library="resource">
<kw name="Go To" library="SeleniumLibrary">
<arg>${LOGIN_URL}</arg>
<doc>Navigates the current browser window to the provided ``url``.</doc>
<msg timestamp="20231116 14:38:39.259" level="INFO">Opening url 'http://localhost:5001/login'</msg>
<status status="PASS" starttime="20231116 14:38:39.259" endtime="20231116 14:38:39.266"/>
</kw>
<status status="PASS" starttime="20231116 14:38:39.259" endtime="20231116 14:38:39.267"/>
</kw>
<kw name="Login Page Should Be Open" library="resource">
<kw name="Title Should Be" library="SeleniumLibrary">
<arg>Login</arg>
<doc>Verifies that the current page title equals ``title``.</doc>
<msg timestamp="20231116 14:38:39.269" level="INFO">Page title is 'Login'.</msg>
<status status="PASS" starttime="20231116 14:38:39.267" endtime="20231116 14:38:39.269"/>
</kw>
<status status="PASS" starttime="20231116 14:38:39.267" endtime="20231116 14:38:39.269"/>
</kw>
<status status="PASS" starttime="20231116 14:38:39.254" endtime="20231116 14:38:39.269"/>
</kw>
<kw name="Set Username">
<arg>ville</arg>
<kw name="Input Text" library="SeleniumLibrary">
<arg>username</arg>
<arg>${username}</arg>
<doc>Types the given ``text`` into the text field identified by ``locator``.</doc>
<msg timestamp="20231116 14:38:39.270" level="INFO">Typing text 'ville' into text field 'username'.</msg>
<status status="PASS" starttime="20231116 14:38:39.269" endtime="20231116 14:38:39.304"/>
</kw>
<status status="PASS" starttime="20231116 14:38:39.269" endtime="20231116 14:38:39.304"/>
</kw>
<kw name="Set Password">
<arg>kalle123</arg>
<kw name="Input Password" library="SeleniumLibrary">
<arg>password</arg>
<arg>${password}</arg>
<doc>Types the given password into the text field identified by ``locator``.</doc>
<msg timestamp="20231116 14:38:39.305" level="INFO">Typing password into text field 'password'.</msg>
<msg timestamp="20231116 14:38:39.322" level="INFO">Temporally setting log level to: NONE</msg>
<msg timestamp="20231116 14:38:39.340" level="INFO">Log level changed from NONE to INFO.</msg>
<status status="PASS" starttime="20231116 14:38:39.305" endtime="20231116 14:38:39.340"/>
</kw>
<status status="PASS" starttime="20231116 14:38:39.305" endtime="20231116 14:38:39.340"/>
</kw>
<kw name="Submit Credentials">
<kw name="Click Button" library="SeleniumLibrary">
<arg>Login</arg>
<doc>Clicks the button identified by ``locator``.</doc>
<msg timestamp="20231116 14:38:39.341" level="INFO">Clicking button 'Login'.</msg>
<status status="PASS" starttime="20231116 14:38:39.341" endtime="20231116 14:38:39.371"/>
</kw>
<status status="PASS" starttime="20231116 14:38:39.341" endtime="20231116 14:38:39.371"/>
</kw>
<kw name="Login Should Fail With Message">
<arg>Invalid username or password</arg>
<kw name="Login Page Should Be Open" library="resource">
<kw name="Title Should Be" library="SeleniumLibrary">
<arg>Login</arg>
<doc>Verifies that the current page title equals ``title``.</doc>
<msg timestamp="20231116 14:38:39.374" level="INFO">Page title is 'Login'.</msg>
<status status="PASS" starttime="20231116 14:38:39.372" endtime="20231116 14:38:39.374"/>
</kw>
<status status="PASS" starttime="20231116 14:38:39.371" endtime="20231116 14:38:39.374"/>
</kw>
<kw name="Page Should Contain" library="SeleniumLibrary">
<arg>${message}</arg>
<doc>Verifies that current page contains ``text``.</doc>
<msg timestamp="20231116 14:38:39.379" level="INFO">Current page contains text 'Invalid username or password'.</msg>
<status status="PASS" starttime="20231116 14:38:39.374" endtime="20231116 14:38:39.379"/>
</kw>
<status status="PASS" starttime="20231116 14:38:39.371" endtime="20231116 14:38:39.379"/>
</kw>
<status status="PASS" starttime="20231116 14:38:39.253" endtime="20231116 14:38:39.380"/>
</test>
<kw name="Close Browser" library="SeleniumLibrary" type="TEARDOWN">
<doc>Closes the current browser.</doc>
<status status="PASS" starttime="20231116 14:38:39.380" endtime="20231116 14:38:39.440"/>
</kw>
<status status="PASS" starttime="20231116 14:38:38.245" endtime="20231116 14:38:39.440"/>
</suite>
<suite id="s1-s3" name="Register" source="/home/kaariroo/palautusrepo-ohtu/viikko3/web-login/src/tests/register.robot">
<kw name="Open And Configure Browser" library="resource" type="SETUP">
<kw name="Evaluate" library="BuiltIn">
<var>${options}</var>
<arg>sys.modules['selenium.webdriver'].ChromeOptions()</arg>
<arg>sys</arg>
<doc>Evaluates the given expression in Python and returns the result.</doc>
<msg timestamp="20231116 14:38:39.448" level="INFO">${options} = &lt;selenium.webdriver.chrome.options.Options object at 0x7f4faa38d450&gt;</msg>
<status status="PASS" starttime="20231116 14:38:39.447" endtime="20231116 14:38:39.448"/>
</kw>
<kw name="Call Method" library="BuiltIn">
<arg>${options}</arg>
<arg>add_argument</arg>
<arg>--headless</arg>
<doc>Calls the named method of the given object with the provided arguments.</doc>
<status status="PASS" starttime="20231116 14:38:39.448" endtime="20231116 14:38:39.448"/>
</kw>
<kw name="Open Browser" library="SeleniumLibrary">
<arg>browser=chrome</arg>
<arg>options=${options}</arg>
<doc>Opens a new browser instance to the optional ``url``.</doc>
<msg timestamp="20231116 14:38:39.450" level="INFO">Opening browser 'chrome' to base url 'None'.</msg>
<status status="PASS" starttime="20231116 14:38:39.448" endtime="20231116 14:38:40.130"/>
</kw>
<kw name="Set Selenium Speed" library="SeleniumLibrary">
<arg>${DELAY}</arg>
<doc>Sets the delay that is waited after each Selenium command.</doc>
<status status="PASS" starttime="20231116 14:38:40.130" endtime="20231116 14:38:40.131"/>
</kw>
<status status="PASS" starttime="20231116 14:38:39.447" endtime="20231116 14:38:40.131"/>
</kw>
<test id="s1-s3-t1" name="Register With Valid Username And Password" line="9">
<kw name="Go To Register Page" library="resource" type="SETUP">
<kw name="Go To" library="SeleniumLibrary">
<arg>${REGISTER_URL}</arg>
<doc>Navigates the current browser window to the provided ``url``.</doc>
<msg timestamp="20231116 14:38:40.131" level="INFO">Opening url 'http://localhost:5001/register'</msg>
<status status="PASS" starttime="20231116 14:38:40.131" endtime="20231116 14:38:40.159"/>
</kw>
<status status="PASS" starttime="20231116 14:38:40.131" endtime="20231116 14:38:40.159"/>
</kw>
<kw name="Set Username">
<arg>ville</arg>
<kw name="Input Text" library="SeleniumLibrary">
<arg>username</arg>
<arg>${username}</arg>
<doc>Types the given ``text`` into the text field identified by ``locator``.</doc>
<msg timestamp="20231116 14:38:40.160" level="INFO">Typing text 'ville' into text field 'username'.</msg>
<status status="PASS" starttime="20231116 14:38:40.159" endtime="20231116 14:38:40.213"/>
</kw>
<status status="PASS" starttime="20231116 14:38:40.159" endtime="20231116 14:38:40.214"/>
</kw>
<kw name="Set Password">
<arg>ville123</arg>
<kw name="Input Password" library="SeleniumLibrary">
<arg>password</arg>
<arg>${password}</arg>
<doc>Types the given password into the text field identified by ``locator``.</doc>
<msg timestamp="20231116 14:38:40.214" level="INFO">Typing password into text field 'password'.</msg>
<msg timestamp="20231116 14:38:40.232" level="INFO">Temporally setting log level to: NONE</msg>
<msg timestamp="20231116 14:38:40.252" level="INFO">Log level changed from NONE to INFO.</msg>
<status status="PASS" starttime="20231116 14:38:40.214" endtime="20231116 14:38:40.252"/>
</kw>
<status status="PASS" starttime="20231116 14:38:40.214" endtime="20231116 14:38:40.252"/>
</kw>
<kw name="Set Password Confirmation">
<arg>ville123</arg>
<kw name="Input Password" library="SeleniumLibrary">
<arg>password_confirmation</arg>
<arg>${password_confirmation}</arg>
<doc>Types the given password into the text field identified by ``locator``.</doc>
<msg timestamp="20231116 14:38:40.253" level="INFO">Typing password into text field 'password_confirmation'.</msg>
<msg timestamp="20231116 14:38:40.270" level="INFO">Temporally setting log level to: NONE</msg>
<msg timestamp="20231116 14:38:40.289" level="INFO">Log level changed from NONE to INFO.</msg>
<status status="PASS" starttime="20231116 14:38:40.252" endtime="20231116 14:38:40.290"/>
</kw>
<status status="PASS" starttime="20231116 14:38:40.252" endtime="20231116 14:38:40.290"/>
</kw>
<kw name="Submit Credentials">
<kw name="Click Button" library="SeleniumLibrary">
<arg>Register</arg>
<doc>Clicks the button identified by ``locator``.</doc>
<msg timestamp="20231116 14:38:40.290" level="INFO">Clicking button 'Register'.</msg>
<status status="PASS" starttime="20231116 14:38:40.290" endtime="20231116 14:38:40.330"/>
</kw>
<status status="PASS" starttime="20231116 14:38:40.290" endtime="20231116 14:38:40.330"/>
</kw>
<kw name="Register Should Succeed">
<kw name="Welcome Page Should Be Open" library="resource">
<kw name="Title Should Be" library="SeleniumLibrary">
<arg>Welcome to Ohtu Application!</arg>
<doc>Verifies that the current page title equals ``title``.</doc>
<msg timestamp="20231116 14:38:40.333" level="INFO">Page title is 'Welcome to Ohtu Application!'.</msg>
<status status="PASS" starttime="20231116 14:38:40.330" endtime="20231116 14:38:40.333"/>
</kw>
<status status="PASS" starttime="20231116 14:38:40.330" endtime="20231116 14:38:40.333"/>
</kw>
<status status="PASS" starttime="20231116 14:38:40.330" endtime="20231116 14:38:40.333"/>
</kw>
<status status="PASS" starttime="20231116 14:38:40.131" endtime="20231116 14:38:40.333"/>
</test>
<test id="s1-s3-t2" name="Register With Too Short Username And Valid Password" line="16">
<kw name="Go To Register Page" library="resource" type="SETUP">
<kw name="Go To" library="SeleniumLibrary">
<arg>${REGISTER_URL}</arg>
<doc>Navigates the current browser window to the provided ``url``.</doc>
<msg timestamp="20231116 14:38:40.334" level="INFO">Opening url 'http://localhost:5001/register'</msg>
<status status="PASS" starttime="20231116 14:38:40.334" endtime="20231116 14:38:40.341"/>
</kw>
<status status="PASS" starttime="20231116 14:38:40.334" endtime="20231116 14:38:40.341"/>
</kw>
<kw name="Set Username">
<arg>vi</arg>
<kw name="Input Text" library="SeleniumLibrary">
<arg>username</arg>
<arg>${username}</arg>
<doc>Types the given ``text`` into the text field identified by ``locator``.</doc>
<msg timestamp="20231116 14:38:40.342" level="INFO">Typing text 'vi' into text field 'username'.</msg>
<status status="PASS" starttime="20231116 14:38:40.342" endtime="20231116 14:38:40.376"/>
</kw>
<status status="PASS" starttime="20231116 14:38:40.342" endtime="20231116 14:38:40.376"/>
</kw>
<kw name="Set Password">
<arg>ville123</arg>
<kw name="Input Password" library="SeleniumLibrary">
<arg>password</arg>
<arg>${password}</arg>
<doc>Types the given password into the text field identified by ``locator``.</doc>
<msg timestamp="20231116 14:38:40.377" level="INFO">Typing password into text field 'password'.</msg>
<msg timestamp="20231116 14:38:40.393" level="INFO">Temporally setting log level to: NONE</msg>
<msg timestamp="20231116 14:38:40.412" level="INFO">Log level changed from NONE to INFO.</msg>
<status status="PASS" starttime="20231116 14:38:40.377" endtime="20231116 14:38:40.412"/>
</kw>
<status status="PASS" starttime="20231116 14:38:40.376" endtime="20231116 14:38:40.412"/>
</kw>
<kw name="Set Password Confirmation">
<arg>ville123</arg>
<kw name="Input Password" library="SeleniumLibrary">
<arg>password_confirmation</arg>
<arg>${password_confirmation}</arg>
<doc>Types the given password into the text field identified by ``locator``.</doc>
<msg timestamp="20231116 14:38:40.413" level="INFO">Typing password into text field 'password_confirmation'.</msg>
<msg timestamp="20231116 14:38:40.429" level="INFO">Temporally setting log level to: NONE</msg>
<msg timestamp="20231116 14:38:40.448" level="INFO">Log level changed from NONE to INFO.</msg>
<status status="PASS" starttime="20231116 14:38:40.413" endtime="20231116 14:38:40.449"/>
</kw>
<status status="PASS" starttime="20231116 14:38:40.413" endtime="20231116 14:38:40.449"/>
</kw>
<kw name="Submit Credentials">
<kw name="Click Button" library="SeleniumLibrary">
<arg>Register</arg>
<doc>Clicks the button identified by ``locator``.</doc>
<msg timestamp="20231116 14:38:40.449" level="INFO">Clicking button 'Register'.</msg>
<status status="PASS" starttime="20231116 14:38:40.449" endtime="20231116 14:38:40.488"/>
</kw>
<status status="PASS" starttime="20231116 14:38:40.449" endtime="20231116 14:38:40.488"/>
</kw>
<kw name="Register Should Fail With Message">
<arg>Username too short</arg>
<kw name="Register Page Should Be Open" library="resource">
<kw name="Title Should Be" library="SeleniumLibrary">
<arg>Register</arg>
<doc>Verifies that the current page title equals ``title``.</doc>
<msg timestamp="20231116 14:38:40.490" level="INFO">Page title is 'Register'.</msg>
<status status="PASS" starttime="20231116 14:38:40.489" endtime="20231116 14:38:40.491"/>
</kw>
<status status="PASS" starttime="20231116 14:38:40.488" endtime="20231116 14:38:40.491"/>
</kw>
<kw name="Page Should Contain" library="SeleniumLibrary">
<arg>${message}</arg>
<doc>Verifies that current page contains ``text``.</doc>
<msg timestamp="20231116 14:38:40.499" level="INFO">Current page contains text 'Username too short'.</msg>
<status status="PASS" starttime="20231116 14:38:40.491" endtime="20231116 14:38:40.499"/>
</kw>
<status status="PASS" starttime="20231116 14:38:40.488" endtime="20231116 14:38:40.499"/>
</kw>
<status status="PASS" starttime="20231116 14:38:40.334" endtime="20231116 14:38:40.499"/>
</test>
<test id="s1-s3-t3" name="Register With Valid Username And Invalid Password" line="23">
<kw name="Go To Register Page" library="resource" type="SETUP">
<kw name="Go To" library="SeleniumLibrary">
<arg>${REGISTER_URL}</arg>
<doc>Navigates the current browser window to the provided ``url``.</doc>
<msg timestamp="20231116 14:38:40.500" level="INFO">Opening url 'http://localhost:5001/register'</msg>
<status status="PASS" starttime="20231116 14:38:40.500" endtime="20231116 14:38:40.507"/>
</kw>
<status status="PASS" starttime="20231116 14:38:40.500" endtime="20231116 14:38:40.507"/>
</kw>
<kw name="Set Username">
<arg>julle</arg>
<kw name="Input Text" library="SeleniumLibrary">
<arg>username</arg>
<arg>${username}</arg>
<doc>Types the given ``text`` into the text field identified by ``locator``.</doc>
<msg timestamp="20231116 14:38:40.508" level="INFO">Typing text 'julle' into text field 'username'.</msg>
<status status="PASS" starttime="20231116 14:38:40.508" endtime="20231116 14:38:40.542"/>
</kw>
<status status="PASS" starttime="20231116 14:38:40.508" endtime="20231116 14:38:40.542"/>
</kw>
<kw name="Set Password">
<arg>jullekaa</arg>
<kw name="Input Password" library="SeleniumLibrary">
<arg>password</arg>
<arg>${password}</arg>
<doc>Types the given password into the text field identified by ``locator``.</doc>
<msg timestamp="20231116 14:38:40.543" level="INFO">Typing password into text field 'password'.</msg>
<msg timestamp="20231116 14:38:40.559" level="INFO">Temporally setting log level to: NONE</msg>
<msg timestamp="20231116 14:38:40.578" level="INFO">Log level changed from NONE to INFO.</msg>
<status status="PASS" starttime="20231116 14:38:40.543" endtime="20231116 14:38:40.578"/>
</kw>
<status status="PASS" starttime="20231116 14:38:40.543" endtime="20231116 14:38:40.578"/>
</kw>
<kw name="Set Password Confirmation">
<arg>jullekaa</arg>
<kw name="Input Password" library="SeleniumLibrary">
<arg>password_confirmation</arg>
<arg>${password_confirmation}</arg>
<doc>Types the given password into the text field identified by ``locator``.</doc>
<msg timestamp="20231116 14:38:40.579" level="INFO">Typing password into text field 'password_confirmation'.</msg>
<msg timestamp="20231116 14:38:40.594" level="INFO">Temporally setting log level to: NONE</msg>
<msg timestamp="20231116 14:38:40.614" level="INFO">Log level changed from NONE to INFO.</msg>
<status status="PASS" starttime="20231116 14:38:40.579" endtime="20231116 14:38:40.614"/>
</kw>
<status status="PASS" starttime="20231116 14:38:40.579" endtime="20231116 14:38:40.614"/>
</kw>
<kw name="Submit Credentials">
<kw name="Click Button" library="SeleniumLibrary">
<arg>Register</arg>
<doc>Clicks the button identified by ``locator``.</doc>
<msg timestamp="20231116 14:38:40.615" level="INFO">Clicking button 'Register'.</msg>
<status status="PASS" starttime="20231116 14:38:40.614" endtime="20231116 14:38:40.644"/>
</kw>
<status status="PASS" starttime="20231116 14:38:40.614" endtime="20231116 14:38:40.644"/>
</kw>
<kw name="Register Should Fail With Message">
<arg>Password should contain numbers or special characters</arg>
<kw name="Register Page Should Be Open" library="resource">
<kw name="Title Should Be" library="SeleniumLibrary">
<arg>Register</arg>
<doc>Verifies that the current page title equals ``title``.</doc>
<msg timestamp="20231116 14:38:40.647" level="INFO">Page title is 'Register'.</msg>
<status status="PASS" starttime="20231116 14:38:40.644" endtime="20231116 14:38:40.647"/>
</kw>
<status status="PASS" starttime="20231116 14:38:40.644" endtime="20231116 14:38:40.647"/>
</kw>
<kw name="Page Should Contain" library="SeleniumLibrary">
<arg>${message}</arg>
<doc>Verifies that current page contains ``text``.</doc>
<msg timestamp="20231116 14:38:40.656" level="INFO">Current page contains text 'Password should contain numbers or special characters'.</msg>
<status status="PASS" starttime="20231116 14:38:40.647" endtime="20231116 14:38:40.656"/>
</kw>
<status status="PASS" starttime="20231116 14:38:40.644" endtime="20231116 14:38:40.656"/>
</kw>
<status status="PASS" starttime="20231116 14:38:40.500" endtime="20231116 14:38:40.657"/>
</test>
<test id="s1-s3-t4" name="Register With Nonmatching Password And Password Confirmation" line="30">
<kw name="Go To Register Page" library="resource" type="SETUP">
<kw name="Go To" library="SeleniumLibrary">
<arg>${REGISTER_URL}</arg>
<doc>Navigates the current browser window to the provided ``url``.</doc>
<msg timestamp="20231116 14:38:40.657" level="INFO">Opening url 'http://localhost:5001/register'</msg>
<status status="PASS" starttime="20231116 14:38:40.657" endtime="20231116 14:38:40.664"/>
</kw>
<status status="PASS" starttime="20231116 14:38:40.657" endtime="20231116 14:38:40.664"/>
</kw>
<kw name="Set Username">
<arg>palle</arg>
<kw name="Input Text" library="SeleniumLibrary">
<arg>username</arg>
<arg>${username}</arg>
<doc>Types the given ``text`` into the text field identified by ``locator``.</doc>
<msg timestamp="20231116 14:38:40.665" level="INFO">Typing text 'palle' into text field 'username'.</msg>
<status status="PASS" starttime="20231116 14:38:40.665" endtime="20231116 14:38:40.700"/>
</kw>
<status status="PASS" starttime="20231116 14:38:40.664" endtime="20231116 14:38:40.700"/>
</kw>
<kw name="Set Password">
<arg>palle123</arg>
<kw name="Input Password" library="SeleniumLibrary">
<arg>password</arg>
<arg>${password}</arg>
<doc>Types the given password into the text field identified by ``locator``.</doc>
<msg timestamp="20231116 14:38:40.701" level="INFO">Typing password into text field 'password'.</msg>
<msg timestamp="20231116 14:38:40.717" level="INFO">Temporally setting log level to: NONE</msg>
<msg timestamp="20231116 14:38:40.736" level="INFO">Log level changed from NONE to INFO.</msg>
<status status="PASS" starttime="20231116 14:38:40.701" endtime="20231116 14:38:40.736"/>
</kw>
<status status="PASS" starttime="20231116 14:38:40.701" endtime="20231116 14:38:40.736"/>
</kw>
<kw name="Set Password Confirmation">
<arg>palle124</arg>
<kw name="Input Password" library="SeleniumLibrary">
<arg>password_confirmation</arg>
<arg>${password_confirmation}</arg>
<doc>Types the given password into the text field identified by ``locator``.</doc>
<msg timestamp="20231116 14:38:40.737" level="INFO">Typing password into text field 'password_confirmation'.</msg>
<msg timestamp="20231116 14:38:40.753" level="INFO">Temporally setting log level to: NONE</msg>
<msg timestamp="20231116 14:38:40.773" level="INFO">Log level changed from NONE to INFO.</msg>
<status status="PASS" starttime="20231116 14:38:40.737" endtime="20231116 14:38:40.773"/>
</kw>
<status status="PASS" starttime="20231116 14:38:40.736" endtime="20231116 14:38:40.773"/>
</kw>
<kw name="Submit Credentials">
<kw name="Click Button" library="SeleniumLibrary">
<arg>Register</arg>
<doc>Clicks the button identified by ``locator``.</doc>
<msg timestamp="20231116 14:38:40.773" level="INFO">Clicking button 'Register'.</msg>
<status status="PASS" starttime="20231116 14:38:40.773" endtime="20231116 14:38:40.803"/>
</kw>
<status status="PASS" starttime="20231116 14:38:40.773" endtime="20231116 14:38:40.803"/>
</kw>
<kw name="Register Should Fail With Message">
<arg>Password and password confirmation are not the same</arg>
<kw name="Register Page Should Be Open" library="resource">
<kw name="Title Should Be" library="SeleniumLibrary">
<arg>Register</arg>
<doc>Verifies that the current page title equals ``title``.</doc>
<msg timestamp="20231116 14:38:40.805" level="INFO">Page title is 'Register'.</msg>
<status status="PASS" starttime="20231116 14:38:40.803" endtime="20231116 14:38:40.805"/>
</kw>
<status status="PASS" starttime="20231116 14:38:40.803" endtime="20231116 14:38:40.805"/>
</kw>
<kw name="Page Should Contain" library="SeleniumLibrary">
<arg>${message}</arg>
<doc>Verifies that current page contains ``text``.</doc>
<msg timestamp="20231116 14:38:40.813" level="INFO">Current page contains text 'Password and password confirmation are not the same'.</msg>
<status status="PASS" starttime="20231116 14:38:40.805" endtime="20231116 14:38:40.814"/>
</kw>
<status status="PASS" starttime="20231116 14:38:40.803" endtime="20231116 14:38:40.814"/>
</kw>
<status status="PASS" starttime="20231116 14:38:40.657" endtime="20231116 14:38:40.814"/>
</test>
<test id="s1-s3-t5" name="Login After Successful Registration" line="37">
<kw name="Go To Register Page" library="resource" type="SETUP">
<kw name="Go To" library="SeleniumLibrary">
<arg>${REGISTER_URL}</arg>
<doc>Navigates the current browser window to the provided ``url``.</doc>
<msg timestamp="20231116 14:38:40.815" level="INFO">Opening url 'http://localhost:5001/register'</msg>
<status status="PASS" starttime="20231116 14:38:40.815" endtime="20231116 14:38:40.822"/>
</kw>
<status status="PASS" starttime="20231116 14:38:40.814" endtime="20231116 14:38:40.822"/>
</kw>
<kw name="Click Link" library="SeleniumLibrary">
<arg>Login</arg>
<doc>Clicks a link identified by ``locator``.</doc>
<msg timestamp="20231116 14:38:40.822" level="INFO">Clicking link 'Login'.</msg>
<status status="PASS" starttime="20231116 14:38:40.822" endtime="20231116 14:38:40.852"/>
</kw>
<kw name="Set Username">
<arg>ville</arg>
<kw name="Input Text" library="SeleniumLibrary">
<arg>username</arg>
<arg>${username}</arg>
<doc>Types the given ``text`` into the text field identified by ``locator``.</doc>
<msg timestamp="20231116 14:38:40.853" level="INFO">Typing text 'ville' into text field 'username'.</msg>
<status status="PASS" starttime="20231116 14:38:40.853" endtime="20231116 14:38:40.887"/>
</kw>
<status status="PASS" starttime="20231116 14:38:40.852" endtime="20231116 14:38:40.887"/>
</kw>
<kw name="Set Password">
<arg>ville123</arg>
<kw name="Input Password" library="SeleniumLibrary">
<arg>password</arg>
<arg>${password}</arg>
<doc>Types the given password into the text field identified by ``locator``.</doc>
<msg timestamp="20231116 14:38:40.888" level="INFO">Typing password into text field 'password'.</msg>
<msg timestamp="20231116 14:38:40.904" level="INFO">Temporally setting log level to: NONE</msg>
<msg timestamp="20231116 14:38:40.923" level="INFO">Log level changed from NONE to INFO.</msg>
<status status="PASS" starttime="20231116 14:38:40.888" endtime="20231116 14:38:40.923"/>
</kw>
<status status="PASS" starttime="20231116 14:38:40.887" endtime="20231116 14:38:40.923"/>
</kw>
<kw name="Submit Login Credentials">
<kw name="Click Button" library="SeleniumLibrary">
<arg>Login</arg>
<doc>Clicks the button identified by ``locator``.</doc>
<msg timestamp="20231116 14:38:40.924" level="INFO">Clicking button 'Login'.</msg>
<status status="PASS" starttime="20231116 14:38:40.924" endtime="20231116 14:38:40.961"/>
</kw>
<status status="PASS" starttime="20231116 14:38:40.924" endtime="20231116 14:38:40.961"/>
</kw>
<kw name="Login Should Succeed">
<kw name="Main Page Should Be Open" library="resource">
<kw name="Title Should Be" library="SeleniumLibrary">
<arg>Ohtu Application main page</arg>
<doc>Verifies that the current page title equals ``title``.</doc>
<msg timestamp="20231116 14:38:40.964" level="INFO">Page title is 'Ohtu Application main page'.</msg>
<status status="PASS" starttime="20231116 14:38:40.961" endtime="20231116 14:38:40.964"/>
</kw>
<status status="PASS" starttime="20231116 14:38:40.961" endtime="20231116 14:38:40.964"/>
</kw>
<status status="PASS" starttime="20231116 14:38:40.961" endtime="20231116 14:38:40.964"/>
</kw>
<status status="PASS" starttime="20231116 14:38:40.814" endtime="20231116 14:38:40.964"/>
</test>
<test id="s1-s3-t6" name="Login After Failed Registration" line="44">
<kw name="Go To Register Page" library="resource" type="SETUP">
<kw name="Go To" library="SeleniumLibrary">
<arg>${REGISTER_URL}</arg>
<doc>Navigates the current browser window to the provided ``url``.</doc>
<msg timestamp="20231116 14:38:40.965" level="INFO">Opening url 'http://localhost:5001/register'</msg>
<status status="PASS" starttime="20231116 14:38:40.965" endtime="20231116 14:38:40.972"/>
</kw>
<status status="PASS" starttime="20231116 14:38:40.964" endtime="20231116 14:38:40.972"/>
</kw>
<kw name="Click Link" library="SeleniumLibrary">
<arg>Login</arg>
<doc>Clicks a link identified by ``locator``.</doc>
<msg timestamp="20231116 14:38:40.973" level="INFO">Clicking link 'Login'.</msg>
<status status="PASS" starttime="20231116 14:38:40.973" endtime="20231116 14:38:40.998"/>
</kw>
<kw name="Set Username">
<arg>vi</arg>
<kw name="Input Text" library="SeleniumLibrary">
<arg>username</arg>
<arg>${username}</arg>
<doc>Types the given ``text`` into the text field identified by ``locator``.</doc>
<msg timestamp="20231116 14:38:40.998" level="INFO">Typing text 'vi' into text field 'username'.</msg>
<status status="PASS" starttime="20231116 14:38:40.998" endtime="20231116 14:38:41.032"/>
</kw>
<status status="PASS" starttime="20231116 14:38:40.998" endtime="20231116 14:38:41.032"/>
</kw>
<kw name="Set Password">
<arg>ville123</arg>
<kw name="Input Password" library="SeleniumLibrary">
<arg>password</arg>
<arg>${password}</arg>
<doc>Types the given password into the text field identified by ``locator``.</doc>
<msg timestamp="20231116 14:38:41.033" level="INFO">Typing password into text field 'password'.</msg>
<msg timestamp="20231116 14:38:41.050" level="INFO">Temporally setting log level to: NONE</msg>
<msg timestamp="20231116 14:38:41.068" level="INFO">Log level changed from NONE to INFO.</msg>
<status status="PASS" starttime="20231116 14:38:41.033" endtime="20231116 14:38:41.068"/>
</kw>
<status status="PASS" starttime="20231116 14:38:41.032" endtime="20231116 14:38:41.068"/>
</kw>
<kw name="Submit Login Credentials">
<kw name="Click Button" library="SeleniumLibrary">
<arg>Login</arg>
<doc>Clicks the button identified by ``locator``.</doc>
<msg timestamp="20231116 14:38:41.069" level="INFO">Clicking button 'Login'.</msg>
<status status="PASS" starttime="20231116 14:38:41.068" endtime="20231116 14:38:41.099"/>
</kw>
<status status="PASS" starttime="20231116 14:38:41.068" endtime="20231116 14:38:41.099"/>
</kw>
<kw name="Login Should Fail With Message">
<arg>Invalid username or password</arg>
<kw name="Login Page Should Be Open" library="resource">
<kw name="Title Should Be" library="SeleniumLibrary">
<arg>Login</arg>
<doc>Verifies that the current page title equals ``title``.</doc>
<msg timestamp="20231116 14:38:41.101" level="INFO">Page title is 'Login'.</msg>
<status status="PASS" starttime="20231116 14:38:41.099" endtime="20231116 14:38:41.101"/>
</kw>
<status status="PASS" starttime="20231116 14:38:41.099" endtime="20231116 14:38:41.101"/>
</kw>
<kw name="Page Should Contain" library="SeleniumLibrary">
<arg>${message}</arg>
<doc>Verifies that current page contains ``text``.</doc>
<msg timestamp="20231116 14:38:41.110" level="INFO">Current page contains text 'Invalid username or password'.</msg>
<status status="PASS" starttime="20231116 14:38:41.102" endtime="20231116 14:38:41.110"/>
</kw>
<status status="PASS" starttime="20231116 14:38:41.099" endtime="20231116 14:38:41.110"/>
</kw>
<status status="PASS" starttime="20231116 14:38:40.964" endtime="20231116 14:38:41.110"/>
</test>
<kw name="Close Browser" library="SeleniumLibrary" type="TEARDOWN">
<doc>Closes the current browser.</doc>
<status status="PASS" starttime="20231116 14:38:41.110" endtime="20231116 14:38:41.170"/>
</kw>
<status status="PASS" starttime="20231116 14:38:39.442" endtime="20231116 14:38:41.171"/>
</suite>
<status status="PASS" starttime="20231116 14:38:37.289" endtime="20231116 14:38:41.173"/>
</suite>
<statistics>
<total>
<stat pass="12" fail="0" skip="0">All Tests</stat>
</total>
<tag>
</tag>
<suite>
<stat pass="12" fail="0" skip="0" id="s1" name="Tests">Tests</stat>
<stat pass="3" fail="0" skip="0" id="s1-s1" name="Home">Tests.Home</stat>
<stat pass="3" fail="0" skip="0" id="s1-s2" name="Login">Tests.Login</stat>
<stat pass="6" fail="0" skip="0" id="s1-s3" name="Register">Tests.Register</stat>
</suite>
</statistics>
<errors>
</errors>
</robot>
