<?xml version="1.0" encoding="UTF-8"?>
<robot generator="Robot 6.1.1 (Python 3.10.12 on linux)" generated="20231116 10:06:07.550" rpa="false" schemaversion="4">
<suite id="s1" name="Tests" source="/home/kaariroo/palautusrepo-ohtu/viikko3/login-robot/src/tests">
<suite id="s1-s1" name="Login" source="/home/kaariroo/palautusrepo-ohtu/viikko3/login-robot/src/tests/login.robot">
<test id="s1-s1-t1" name="Login With Correct Credentials" line="6">
<kw name="Create User And Input Login Command" type="SETUP">
<kw name="Create User" library="AppLibrary">
<arg>kalle</arg>
<arg>kalle123</arg>
<msg timestamp="20231116 10:06:07.572" level="INFO">ok</msg>
<status status="PASS" starttime="20231116 10:06:07.571" endtime="20231116 10:06:07.572"/>
</kw>
<kw name="Input Login Command" library="resource">
<kw name="Input" library="AppLibrary">
<arg>login</arg>
<status status="PASS" starttime="20231116 10:06:07.572" endtime="20231116 10:06:07.572"/>
</kw>
<status status="PASS" starttime="20231116 10:06:07.572" endtime="20231116 10:06:07.572"/>
</kw>
<status status="PASS" starttime="20231116 10:06:07.571" endtime="20231116 10:06:07.572"/>
</kw>
<kw name="Input Credentials" library="resource">
<arg>kalle</arg>
<arg>kalle123</arg>
<kw name="Input" library="AppLibrary">
<arg>${username}</arg>
<status status="PASS" starttime="20231116 10:06:07.573" endtime="20231116 10:06:07.573"/>
</kw>
<kw name="Input" library="AppLibrary">
<arg>${password}</arg>
<status status="PASS" starttime="20231116 10:06:07.573" endtime="20231116 10:06:07.573"/>
</kw>
<kw name="Run Application" library="AppLibrary">
<status status="PASS" starttime="20231116 10:06:07.573" endtime="20231116 10:06:07.573"/>
</kw>
<status status="PASS" starttime="20231116 10:06:07.573" endtime="20231116 10:06:07.573"/>
</kw>
<kw name="Output Should Contain" library="AppLibrary">
<arg>Logged in</arg>
<status status="PASS" starttime="20231116 10:06:07.574" endtime="20231116 10:06:07.574"/>
</kw>
<status status="PASS" starttime="20231116 10:06:07.571" endtime="20231116 10:06:07.574"/>
</test>
<test id="s1-s1-t2" name="Login With Incorrect Password" line="10">
<kw name="Create User And Input Login Command" type="SETUP">
<kw name="Create User" library="AppLibrary">
<arg>kalle</arg>
<arg>kalle123</arg>
<msg timestamp="20231116 10:06:07.575" level="INFO">ok</msg>
<status status="PASS" starttime="20231116 10:06:07.574" endtime="20231116 10:06:07.575"/>
</kw>
<kw name="Input Login Command" library="resource">
<kw name="Input" library="AppLibrary">
<arg>login</arg>
<status status="PASS" starttime="20231116 10:06:07.575" endtime="20231116 10:06:07.575"/>
</kw>
<status status="PASS" starttime="20231116 10:06:07.575" endtime="20231116 10:06:07.575"/>
</kw>
<status status="PASS" starttime="20231116 10:06:07.574" endtime="20231116 10:06:07.575"/>
</kw>
<kw name="Input Credentials" library="resource">
<arg>kalle</arg>
<arg>kalle321</arg>
<kw name="Input" library="AppLibrary">
<arg>${username}</arg>
<status status="PASS" starttime="20231116 10:06:07.575" endtime="20231116 10:06:07.575"/>
</kw>
<kw name="Input" library="AppLibrary">
<arg>${password}</arg>
<status status="PASS" starttime="20231116 10:06:07.575" endtime="20231116 10:06:07.576"/>
</kw>
<kw name="Run Application" library="AppLibrary">
<status status="PASS" starttime="20231116 10:06:07.576" endtime="20231116 10:06:07.576"/>
</kw>
<status status="PASS" starttime="20231116 10:06:07.575" endtime="20231116 10:06:07.576"/>
</kw>
<kw name="Output Should Contain" library="AppLibrary">
<arg>Invalid username or password</arg>
<status status="PASS" starttime="20231116 10:06:07.576" endtime="20231116 10:06:07.576"/>
</kw>
<status status="PASS" starttime="20231116 10:06:07.574" endtime="20231116 10:06:07.576"/>
</test>
<test id="s1-s1-t3" name="Login With Nonexistent Username" line="14">
<kw name="Create User And Input Login Command" type="SETUP">
<kw name="Create User" library="AppLibrary">
<arg>kalle</arg>
<arg>kalle123</arg>
<msg timestamp="20231116 10:06:07.577" level="INFO">ok</msg>
<status status="PASS" starttime="20231116 10:06:07.577" endtime="20231116 10:06:07.577"/>
</kw>
<kw name="Input Login Command" library="resource">
<kw name="Input" library="AppLibrary">
<arg>login</arg>
<status status="PASS" starttime="20231116 10:06:07.577" endtime="20231116 10:06:07.577"/>
</kw>
<status status="PASS" starttime="20231116 10:06:07.577" endtime="20231116 10:06:07.577"/>
</kw>
<status status="PASS" starttime="20231116 10:06:07.576" endtime="20231116 10:06:07.577"/>
</kw>
<kw name="Input Credentials" library="resource">
<arg>kulle</arg>
<arg>kalle123</arg>
<kw name="Input" library="AppLibrary">
<arg>${username}</arg>
<status status="PASS" starttime="20231116 10:06:07.577" endtime="20231116 10:06:07.578"/>
</kw>
<kw name="Input" library="AppLibrary">
<arg>${password}</arg>
<status status="PASS" starttime="20231116 10:06:07.578" endtime="20231116 10:06:07.578"/>
</kw>
<kw name="Run Application" library="AppLibrary">
<status status="PASS" starttime="20231116 10:06:07.578" endtime="20231116 10:06:07.578"/>
</kw>
<status status="PASS" starttime="20231116 10:06:07.577" endtime="20231116 10:06:07.578"/>
</kw>
<kw name="Output Should Contain" library="AppLibrary">
<arg>Invalid username or password</arg>
<status status="PASS" starttime="20231116 10:06:07.578" endtime="20231116 10:06:07.578"/>
</kw>
<status status="PASS" starttime="20231116 10:06:07.576" endtime="20231116 10:06:07.578"/>
</test>
<status status="PASS" starttime="20231116 10:06:07.566" endtime="20231116 10:06:07.579"/>
</suite>
<suite id="s1-s2" name="Register" source="/home/kaariroo/palautusrepo-ohtu/viikko3/login-robot/src/tests/register.robot">
<test id="s1-s2-t1" name="Register With Valid Username And Password" line="11">
<kw name="Input New Command And Create User" type="SETUP">
<kw name="Create User" library="AppLibrary">
<arg>kalle</arg>
<arg>kalle123</arg>
<msg timestamp="20231116 10:06:07.583" level="INFO">ok</msg>
<status status="PASS" starttime="20231116 10:06:07.583" endtime="20231116 10:06:07.583"/>
</kw>
<kw name="Input New Command" library="resource">
<kw name="Input" library="AppLibrary">
<arg>new</arg>
<status status="PASS" starttime="20231116 10:06:07.583" endtime="20231116 10:06:07.583"/>
</kw>
<status status="PASS" starttime="20231116 10:06:07.583" endtime="20231116 10:06:07.583"/>
</kw>
<status status="PASS" starttime="20231116 10:06:07.582" endtime="20231116 10:06:07.583"/>
</kw>
<kw name="Input Credentials" library="resource">
<arg>ville</arg>
<arg>kalle123</arg>
<kw name="Input" library="AppLibrary">
<arg>${username}</arg>
<status status="PASS" starttime="20231116 10:06:07.583" endtime="20231116 10:06:07.584"/>
</kw>
<kw name="Input" library="AppLibrary">
<arg>${password}</arg>
<status status="PASS" starttime="20231116 10:06:07.584" endtime="20231116 10:06:07.584"/>
</kw>
<kw name="Run Application" library="AppLibrary">
<msg timestamp="20231116 10:06:07.584" level="INFO">ok</msg>
<status status="PASS" starttime="20231116 10:06:07.584" endtime="20231116 10:06:07.584"/>
</kw>
<status status="PASS" starttime="20231116 10:06:07.583" endtime="20231116 10:06:07.584"/>
</kw>
<kw name="Output Should Contain" library="AppLibrary">
<arg>New user registered</arg>
<status status="PASS" starttime="20231116 10:06:07.584" endtime="20231116 10:06:07.584"/>
</kw>
<status status="PASS" starttime="20231116 10:06:07.582" endtime="20231116 10:06:07.584"/>
</test>
<test id="s1-s2-t2" name="Register With Already Taken Username And Valid Password" line="15">
<kw name="Input New Command And Create User" type="SETUP">
<kw name="Create User" library="AppLibrary">
<arg>kalle</arg>
<arg>kalle123</arg>
<msg timestamp="20231116 10:06:07.585" level="INFO">ok</msg>
<status status="PASS" starttime="20231116 10:06:07.585" endtime="20231116 10:06:07.585"/>
</kw>
<kw name="Input New Command" library="resource">
<kw name="Input" library="AppLibrary">
<arg>new</arg>
<status status="PASS" starttime="20231116 10:06:07.585" endtime="20231116 10:06:07.585"/>
</kw>
<status status="PASS" starttime="20231116 10:06:07.585" endtime="20231116 10:06:07.585"/>
</kw>
<status status="PASS" starttime="20231116 10:06:07.585" endtime="20231116 10:06:07.585"/>
</kw>
<kw name="Input Credentials" library="resource">
<arg>kalle</arg>
<arg>kalle123</arg>
<kw name="Input" library="AppLibrary">
<arg>${username}</arg>
<status status="PASS" starttime="20231116 10:06:07.586" endtime="20231116 10:06:07.586"/>
</kw>
<kw name="Input" library="AppLibrary">
<arg>${password}</arg>
<status status="PASS" starttime="20231116 10:06:07.586" endtime="20231116 10:06:07.586"/>
</kw>
<kw name="Run Application" library="AppLibrary">
<msg timestamp="20231116 10:06:07.586" level="INFO">ok</msg>
<status status="PASS" starttime="20231116 10:06:07.586" endtime="20231116 10:06:07.586"/>
</kw>
<status status="PASS" starttime="20231116 10:06:07.585" endtime="20231116 10:06:07.586"/>
</kw>
<kw name="Output Should Contain" library="AppLibrary">
<arg>Username in already in use</arg>
<status status="PASS" starttime="20231116 10:06:07.586" endtime="20231116 10:06:07.586"/>
</kw>
<status status="PASS" starttime="20231116 10:06:07.584" endtime="20231116 10:06:07.586"/>
</test>
<test id="s1-s2-t3" name="Register With Too Short Username And Valid Password" line="19">
<kw name="Input New Command And Create User" type="SETUP">
<kw name="Create User" library="AppLibrary">
<arg>kalle</arg>
<arg>kalle123</arg>
<msg timestamp="20231116 10:06:07.587" level="INFO">ok</msg>
<status status="PASS" starttime="20231116 10:06:07.587" endtime="20231116 10:06:07.587"/>
</kw>
<kw name="Input New Command" library="resource">
<kw name="Input" library="AppLibrary">
<arg>new</arg>
<status status="PASS" starttime="20231116 10:06:07.587" endtime="20231116 10:06:07.588"/>
</kw>
<status status="PASS" starttime="20231116 10:06:07.587" endtime="20231116 10:06:07.588"/>
</kw>
<status status="PASS" starttime="20231116 10:06:07.587" endtime="20231116 10:06:07.588"/>
</kw>
<kw name="Input Credentials" library="resource">
<arg>ka</arg>
<arg>kalle123</arg>
<kw name="Input" library="AppLibrary">
<arg>${username}</arg>
<status status="PASS" starttime="20231116 10:06:07.588" endtime="20231116 10:06:07.588"/>
</kw>
<kw name="Input" library="AppLibrary">
<arg>${password}</arg>
<status status="PASS" starttime="20231116 10:06:07.588" endtime="20231116 10:06:07.588"/>
</kw>
<kw name="Run Application" library="AppLibrary">
<msg timestamp="20231116 10:06:07.588" level="INFO">ok</msg>
<status status="PASS" starttime="20231116 10:06:07.588" endtime="20231116 10:06:07.588"/>
</kw>
<status status="PASS" starttime="20231116 10:06:07.588" endtime="20231116 10:06:07.588"/>
</kw>
<kw name="Output Should Contain" library="AppLibrary">
<arg>Username too short</arg>
<status status="PASS" starttime="20231116 10:06:07.588" endtime="20231116 10:06:07.589"/>
</kw>
<status status="PASS" starttime="20231116 10:06:07.587" endtime="20231116 10:06:07.589"/>
</test>
<test id="s1-s2-t4" name="Register With Enough Long But Invalid Username And Valid Password" line="23">
<kw name="Input New Command And Create User" type="SETUP">
<kw name="Create User" library="AppLibrary">
<arg>kalle</arg>
<arg>kalle123</arg>
<msg timestamp="20231116 10:06:07.589" level="INFO">ok</msg>
<status status="PASS" starttime="20231116 10:06:07.589" endtime="20231116 10:06:07.589"/>
</kw>
<kw name="Input New Command" library="resource">
<kw name="Input" library="AppLibrary">
<arg>new</arg>
<status status="PASS" starttime="20231116 10:06:07.590" endtime="20231116 10:06:07.590"/>
</kw>
<status status="PASS" starttime="20231116 10:06:07.589" endtime="20231116 10:06:07.590"/>
</kw>
<status status="PASS" starttime="20231116 10:06:07.589" endtime="20231116 10:06:07.590"/>
</kw>
<kw name="Input Credentials" library="resource">
<arg>kalle1</arg>
<arg>kalle123</arg>
<kw name="Input" library="AppLibrary">
<arg>${username}</arg>
<status status="PASS" starttime="20231116 10:06:07.590" endtime="20231116 10:06:07.590"/>
</kw>
<kw name="Input" library="AppLibrary">
<arg>${password}</arg>
<status status="PASS" starttime="20231116 10:06:07.590" endtime="20231116 10:06:07.590"/>
</kw>
<kw name="Run Application" library="AppLibrary">
<status status="PASS" starttime="20231116 10:06:07.590" endtime="20231116 10:06:07.590"/>
</kw>
<status status="PASS" starttime="20231116 10:06:07.590" endtime="20231116 10:06:07.591"/>
</kw>
<kw name="Output Should Contain" library="AppLibrary">
<arg>Username contains wrong characters</arg>
<status status="PASS" starttime="20231116 10:06:07.591" endtime="20231116 10:06:07.591"/>
</kw>
<status status="PASS" starttime="20231116 10:06:07.589" endtime="20231116 10:06:07.591"/>
</test>
<test id="s1-s2-t5" name="Register With Valid Username And Too Short Password" line="27">
<kw name="Input New Command And Create User" type="SETUP">
<kw name="Create User" library="AppLibrary">
<arg>kalle</arg>
<arg>kalle123</arg>
<msg timestamp="20231116 10:06:07.592" level="INFO">ok</msg>
<status status="PASS" starttime="20231116 10:06:07.591" endtime="20231116 10:06:07.592"/>
</kw>
<kw name="Input New Command" library="resource">
<kw name="Input" library="AppLibrary">
<arg>new</arg>
<status status="PASS" starttime="20231116 10:06:07.592" endtime="20231116 10:06:07.592"/>
</kw>
<status status="PASS" starttime="20231116 10:06:07.592" endtime="20231116 10:06:07.592"/>
</kw>
<status status="PASS" starttime="20231116 10:06:07.591" endtime="20231116 10:06:07.592"/>
</kw>
<kw name="Input Credentials" library="resource">
<arg>ville</arg>
<arg>ville12</arg>
<kw name="Input" library="AppLibrary">
<arg>${username}</arg>
<status status="PASS" starttime="20231116 10:06:07.592" endtime="20231116 10:06:07.592"/>
</kw>
<kw name="Input" library="AppLibrary">
<arg>${password}</arg>
<status status="PASS" starttime="20231116 10:06:07.592" endtime="20231116 10:06:07.593"/>
</kw>
<kw name="Run Application" library="AppLibrary">
<msg timestamp="20231116 10:06:07.593" level="INFO">ok</msg>
<status status="PASS" starttime="20231116 10:06:07.593" endtime="20231116 10:06:07.593"/>
</kw>
<status status="PASS" starttime="20231116 10:06:07.592" endtime="20231116 10:06:07.593"/>
</kw>
<kw name="Output Should Contain" library="AppLibrary">
<arg>Password too short</arg>
<status status="PASS" starttime="20231116 10:06:07.593" endtime="20231116 10:06:07.593"/>
</kw>
<status status="PASS" starttime="20231116 10:06:07.591" endtime="20231116 10:06:07.593"/>
</test>
<test id="s1-s2-t6" name="Register With Valid Username And Long Enough Password Containing Only Letters" line="31">
<kw name="Input New Command And Create User" type="SETUP">
<kw name="Create User" library="AppLibrary">
<arg>kalle</arg>
<arg>kalle123</arg>
<msg timestamp="20231116 10:06:07.594" level="INFO">ok</msg>
<status status="PASS" starttime="20231116 10:06:07.594" endtime="20231116 10:06:07.594"/>
</kw>
<kw name="Input New Command" library="resource">
<kw name="Input" library="AppLibrary">
<arg>new</arg>
<status status="PASS" starttime="20231116 10:06:07.594" endtime="20231116 10:06:07.594"/>
</kw>
<status status="PASS" starttime="20231116 10:06:07.594" endtime="20231116 10:06:07.594"/>
</kw>
<status status="PASS" starttime="20231116 10:06:07.594" endtime="20231116 10:06:07.594"/>
</kw>
<kw name="Input Credentials" library="resource">
<arg>ville</arg>
<arg>villekalle</arg>
<kw name="Input" library="AppLibrary">
<arg>${username}</arg>
<status status="PASS" starttime="20231116 10:06:07.595" endtime="20231116 10:06:07.595"/>
</kw>
<kw name="Input" library="AppLibrary">
<arg>${password}</arg>
<status status="PASS" starttime="20231116 10:06:07.595" endtime="20231116 10:06:07.595"/>
</kw>
<kw name="Run Application" library="AppLibrary">
<msg timestamp="20231116 10:06:07.595" level="INFO">ok</msg>
<status status="PASS" starttime="20231116 10:06:07.595" endtime="20231116 10:06:07.595"/>
</kw>
<status status="PASS" starttime="20231116 10:06:07.594" endtime="20231116 10:06:07.595"/>
</kw>
<kw name="Output Should Contain" library="AppLibrary">
<arg>Password should contain numbers or special characters</arg>
<status status="PASS" starttime="20231116 10:06:07.595" endtime="20231116 10:06:07.595"/>
</kw>
<status status="PASS" starttime="20231116 10:06:07.593" endtime="20231116 10:06:07.595"/>
</test>
<status status="PASS" starttime="20231116 10:06:07.579" endtime="20231116 10:06:07.596"/>
</suite>
<status status="PASS" starttime="20231116 10:06:07.551" endtime="20231116 10:06:07.596"/>
</suite>
<statistics>
<total>
<stat pass="9" fail="0" skip="0">All Tests</stat>
</total>
<tag>
</tag>
<suite>
<stat pass="9" fail="0" skip="0" id="s1" name="Tests">Tests</stat>
<stat pass="3" fail="0" skip="0" id="s1-s1" name="Login">Tests.Login</stat>
<stat pass="6" fail="0" skip="0" id="s1-s2" name="Register">Tests.Register</stat>
</suite>
</statistics>
<errors>
</errors>
</robot>
